Arguments: 
  /Users/simon/.nvm/versions/node/v12.14.1/bin/node /opt/homebrew/Cellar/yarn/1.22.10/libexec/bin/yarn.js workspaces wordclock-js add jest babel-jest --dev

PATH: 
  /usr/local/heroku/bin:/Applications/MAMP/Library/bin:/Users/simon/.fastlane/bin:/Users/simon/.nvm/versions/node/v12.14.1/bin:/opt/homebrew/bin:/opt/homebrew/sbin:/usr/local/heroku/bin:/Applications/MAMP/Library/bin:/usr/local/bin:/usr/bin:/bin:/usr/sbin:/sbin:/opt/X11/bin:/Applications/Server.app/Contents/ServerRoot/usr/bin:/Applications/Server.app/Contents/ServerRoot/usr/sbin:/Library/Apple/usr/bin:/Users/Simon/Library/Android/sdk/tools:/Users/Simon/Library/Android/sdk/platform-tools:/Users/simon/.rvm/bin:/Users/Simon/Library/Android/sdk/tools:/Users/Simon/Library/Android/sdk/platform-tools:/Users/simon/.rvm/bin

Yarn version: 
  1.22.10

Node version: 
  12.14.1

Platform: 
  darwin x64

Trace: 
  SyntaxError: /Applications/MAMP/htdocs/wordclock/package.json: Unexpected token } in JSON at position 485
      at JSON.parse (<anonymous>)
      at /opt/homebrew/Cellar/yarn/1.22.10/libexec/lib/cli.js:1625:59
      at Generator.next (<anonymous>)
      at step (/opt/homebrew/Cellar/yarn/1.22.10/libexec/lib/cli.js:310:30)
      at /opt/homebrew/Cellar/yarn/1.22.10/libexec/lib/cli.js:321:13

npm manifest: 
  {
    "name": "wordclock-js",
    "version": "1.0.0",
    "author": "Simon Heys <si@simonheys.com>",
    "license": "MIT"
  }

yarn manifest: 
  No manifest

Lockfile: 
  No lockfile
